<?xml version="1.0" encoding="UTF-8"?>
<testsuite xmlns:xsi="http://www.w3.org/2001/XMLSchema-instance" xsi:noNamespaceSchemaLocation="https://maven.apache.org/surefire/maven-surefire-plugin/xsd/surefire-test-report-3.0.xsd" version="3.0" name="_12a.rentacar.RentacarApplicationTests" time="5.291" tests="10" errors="0" skipped="0" failures="0">
  <properties>
[...]
</properties>
  <testcase name="testDostepneMapping" classname="_12a.rentacar.RentacarApplicationTests" time="1.24">
    <system-out><![CDATA[09:17:43.864 [main] INFO  org.springframework.test.context.support.AnnotationConfigContextLoaderUtils - Could not detect default configuration classes for test class [_12a.rentacar.RentacarApplicationTests]: RentacarApplicationTests does not declare any static, non-private, non-final, nested classes annotated with @Configuration.
09:17:44.018 [main] INFO  org.springframework.boot.test.context.SpringBootTestContextBootstrapper - Found @SpringBootConfiguration _12a.rentacar.RentacarApplication for test class _12a.rentacar.RentacarApplicationTests
09:17:44.359 [main] INFO  org.springframework.boot.devtools.restart.RestartApplicationListener - Restart disabled due to context in which it is running

  .   ____          _            __ _ _
 /\\ / ___'_ __ _ _(_)_ __  __ _ \ \ \ \
( ( )\___ | '_ | '_| | '_ \/ _` | \ \ \ \
 \\/  ___)| |_)| | | | | || (_| |  ) ) ) )
  '  |____| .__|_| |_|_| |_\__, | / / / /
 =========|_|==============|___/=/_/_/_/
 :: Spring Boot ::                (v3.2.1)

09:17:44.602 [main] INFO  _12a.rentacar.RentacarApplicationTests - Starting RentacarApplicationTests using Java 21.0.1 with PID 35691 (started by abc in /config/IdeaProjects/rentacar)
09:17:44.607 [main] INFO  _12a.rentacar.RentacarApplicationTests - No active profile set, falling back to 1 default profile: "default"
09:17:45.342 [main] INFO  org.springframework.data.repository.config.RepositoryConfigurationDelegate - Bootstrapping Spring Data JDBC repositories in DEFAULT mode.
09:17:45.358 [main] INFO  org.springframework.data.repository.config.RepositoryConfigurationDelegate - Finished Spring Data repository scanning in 12 ms. Found 0 JDBC repository interfaces.
09:17:45.961 [main] INFO  org.springframework.boot.web.embedded.tomcat.TomcatWebServer - Tomcat initialized with port 0 (http)
09:17:45.976 [main] INFO  org.apache.coyote.http11.Http11NioProtocol - Initializing ProtocolHandler ["http-nio-auto-1"]
09:17:45.979 [main] INFO  org.apache.catalina.core.StandardService - Starting service [Tomcat]
09:17:45.980 [main] INFO  org.apache.catalina.core.StandardEngine - Starting Servlet engine: [Apache Tomcat/10.1.17]
09:17:46.035 [main] INFO  org.apache.catalina.core.ContainerBase.[Tomcat].[localhost].[/] - Initializing Spring embedded WebApplicationContext
09:17:46.036 [main] INFO  org.springframework.boot.web.servlet.context.ServletWebServerApplicationContext - Root WebApplicationContext: initialization completed in 1402 ms
09:17:46.298 [main] INFO  com.zaxxer.hikari.HikariDataSource - HikariPool-1 - Starting...
09:17:46.359 [main] INFO  com.zaxxer.hikari.pool.HikariPool - HikariPool-1 - Added connection org.mariadb.jdbc.MariaDbConnection@19faedcc
09:17:46.361 [main] INFO  com.zaxxer.hikari.HikariDataSource - HikariPool-1 - Start completed.
09:17:46.501 [main] INFO  org.springframework.boot.autoconfigure.web.servlet.WelcomePageHandlerMapping - Adding welcome page template: index
09:17:47.100 [main] INFO  org.apache.catalina.core.ContainerBase.[Tomcat].[localhost].[/] - Initializing Spring TestDispatcherServlet ''
09:17:47.101 [main] INFO  org.springframework.test.web.servlet.TestDispatcherServlet - Initializing Servlet ''
09:17:47.102 [main] INFO  org.springframework.test.web.servlet.TestDispatcherServlet - Completed initialization in 1 ms
09:17:47.132 [main] INFO  org.apache.coyote.http11.Http11NioProtocol - Starting ProtocolHandler ["http-nio-auto-1"]
09:17:47.146 [main] INFO  org.springframework.boot.web.embedded.tomcat.TomcatWebServer - Tomcat started on port 36543 (http) with context path ''
09:17:47.159 [main] INFO  _12a.rentacar.RentacarApplicationTests - Started RentacarApplicationTests in 2.812 seconds (process running for 4.449)
HTTP status code: 200
/dostepne mapping load successfully
]]></system-out>
    <system-err><![CDATA[WARNING: A Java agent has been loaded dynamically (/config/.m2/repository/net/bytebuddy/byte-buddy-agent/1.14.10/byte-buddy-agent-1.14.10.jar)
WARNING: If a serviceability tool is in use, please run with -XX:+EnableDynamicAgentLoading to hide this warning
WARNING: If a serviceability tool is not in use, please run with -Djdk.instrument.traceUsage for more information
WARNING: Dynamic loading of agents will be disallowed by default in a future release
]]></system-err>
  </testcase>
  <testcase name="testInsertForWypozyczenia" classname="_12a.rentacar.RentacarApplicationTests" time="0.018">
    <system-out><![CDATA[Rekord został dodany do bazy!
]]></system-out>
  </testcase>
  <testcase name="testDziekiMapping" classname="_12a.rentacar.RentacarApplicationTests" time="0.01">
    <system-out><![CDATA[HTTP status code: 200
/dzieki mapping load successfully
]]></system-out>
  </testcase>
  <testcase name="testInsertForKlienci" classname="_12a.rentacar.RentacarApplicationTests" time="0.005">
    <system-out><![CDATA[Rekord został dodany do bazy!
]]></system-out>
  </testcase>
  <testcase name="testRejestracjaMapping" classname="_12a.rentacar.RentacarApplicationTests" time="0.008">
    <system-out><![CDATA[HTTP status code: 200
/rejestracja mapping load successfully
]]></system-out>
  </testcase>
  <testcase name="testWypozyczMapping" classname="_12a.rentacar.RentacarApplicationTests" time="0.008">
    <system-out><![CDATA[HTTP status code: 200
/wypozycz mapping load successfully
]]></system-out>
  </testcase>
  <testcase name="testConToDB" classname="_12a.rentacar.RentacarApplicationTests" time="0.01">
    <system-out><![CDATA[Połączono z bazą!
]]></system-out>
  </testcase>
  <testcase name="testDaysCount" classname="_12a.rentacar.RentacarApplicationTests" time="0.007">
    <system-out><![CDATA[Expected output: 29 Dni
Wynik metody: 29 Dni
]]></system-out>
  </testcase>
  <testcase name="testMainPageMapping" classname="_12a.rentacar.RentacarApplicationTests" time="0.019">
    <system-out><![CDATA[09:17:48.541 [main] INFO  _12a.rentacar.RentacarController - Loaded welcome page
HTTP status code: 200
/ mapping load successfully
]]></system-out>
  </testcase>
  <testcase name="testInsertForSamochody" classname="_12a.rentacar.RentacarApplicationTests" time="0.017">
    <system-out><![CDATA[Rekord testowy został dodany do tabeli Samochody!
]]></system-out>
  </testcase>
</testsuite>